  [1m[35m (3.5ms)[0m  [1m[34mSELECT sqlite_version(*)[0m
  [1m[35m (1.8ms)[0m  [1m[35mCREATE TABLE "schema_migrations" ("version" varchar NOT NULL PRIMARY KEY)[0m
  [1m[35m (1.4ms)[0m  [1m[35mCREATE TABLE "ar_internal_metadata" ("key" varchar NOT NULL PRIMARY KEY, "value" varchar, "created_at" datetime(6) NOT NULL, "updated_at" datetime(6) NOT NULL)[0m
  [1m[35m (0.1ms)[0m  [1m[34mSELECT "schema_migrations"."version" FROM "schema_migrations" ORDER BY "schema_migrations"."version" ASC[0m
  [1m[35m (0.1ms)[0m  [1m[34mSELECT "schema_migrations"."version" FROM "schema_migrations" ORDER BY "schema_migrations"."version" ASC[0m
  [1m[35m (0.1ms)[0m  [1m[34mSELECT "schema_migrations"."version" FROM "schema_migrations" ORDER BY "schema_migrations"."version" ASC[0m
  [1m[35m (0.1ms)[0m  [1m[34mSELECT sqlite_version(*)[0m
  [1m[35m (0.1ms)[0m  [1m[34mSELECT "schema_migrations"."version" FROM "schema_migrations" ORDER BY "schema_migrations"."version" ASC[0m
  [1m[35m (1.1ms)[0m  [1m[34mSELECT sqlite_version(*)[0m
  [1m[35m (0.1ms)[0m  [1m[34mSELECT "schema_migrations"."version" FROM "schema_migrations" ORDER BY "schema_migrations"."version" ASC[0m
Migrating to CreateBooks (20200715060516)
  [1m[35m (0.1ms)[0m  [1m[36mbegin transaction[0m
  [1m[35m (1.1ms)[0m  [1m[35mCREATE TABLE "books" ("id" integer PRIMARY KEY AUTOINCREMENT NOT NULL, "title" varchar, "author" varchar, "genre" varchar, "description" varchar, "created_at" datetime(6) NOT NULL, "updated_at" datetime(6) NOT NULL)[0m
  [1m[36mprimary::SchemaMigration Create (0.2ms)[0m  [1m[32mINSERT INTO "schema_migrations" ("version") VALUES (?)[0m  [["version", "20200715060516"]]
  [1m[35m (1.3ms)[0m  [1m[36mcommit transaction[0m
  [1m[36mActiveRecord::InternalMetadata Load (0.2ms)[0m  [1m[34mSELECT "ar_internal_metadata".* FROM "ar_internal_metadata" WHERE "ar_internal_metadata"."key" = ? LIMIT ?[0m  [["key", "environment"], ["LIMIT", 1]]
  [1m[35m (0.0ms)[0m  [1m[36mbegin transaction[0m
  [1m[36mActiveRecord::InternalMetadata Create (0.3ms)[0m  [1m[32mINSERT INTO "ar_internal_metadata" ("key", "value", "created_at", "updated_at") VALUES (?, ?, ?, ?)[0m  [["key", "environment"], ["value", "development"], ["created_at", "2020-07-15 06:08:29.618915"], ["updated_at", "2020-07-15 06:08:29.618915"]]
  [1m[35m (1.1ms)[0m  [1m[36mcommit transaction[0m
  [1m[35m (0.0ms)[0m  [1m[34mSELECT sqlite_version(*)[0m
  [1m[35m (0.2ms)[0m  [1m[34mSELECT "schema_migrations"."version" FROM "schema_migrations" ORDER BY "schema_migrations"."version" ASC[0m
Started GET "/" for ::1 at 2020-07-15 02:29:03 -0400
  [1m[35m (5.8ms)[0m  [1m[34mSELECT sqlite_version(*)[0m
  [1m[35m (0.3ms)[0m  [1m[34mSELECT "schema_migrations"."version" FROM "schema_migrations" ORDER BY "schema_migrations"."version" ASC[0m
Processing by Rails::WelcomeController#index as HTML
  Rendering /Users/aabdikul/.gem/ruby/2.6.3/gems/railties-6.0.3.2/lib/rails/templates/rails/welcome/index.html.erb
  Rendered /Users/aabdikul/.gem/ruby/2.6.3/gems/railties-6.0.3.2/lib/rails/templates/rails/welcome/index.html.erb (Duration: 36.0ms | Allocations: 480)
Completed 200 OK in 83ms (Views: 61.0ms | ActiveRecord: 0.0ms | Allocations: 2742)


  [1m[35m (3.5ms)[0m  [1m[34mSELECT sqlite_version(*)[0m
  [1m[35m (0.2ms)[0m  [1m[34mSELECT "schema_migrations"."version" FROM "schema_migrations" ORDER BY "schema_migrations"."version" ASC[0m
Migrating to AddLikesToBooks (20200716015345)
  [1m[35m (0.1ms)[0m  [1m[36mbegin transaction[0m
  [1m[35m (0.7ms)[0m  [1m[35mALTER TABLE "books" ADD "likes" integer[0m
  [1m[36mprimary::SchemaMigration Create (0.3ms)[0m  [1m[32mINSERT INTO "schema_migrations" ("version") VALUES (?)[0m  [["version", "20200716015345"]]
  [1m[35m (0.7ms)[0m  [1m[36mcommit transaction[0m
  [1m[36mActiveRecord::InternalMetadata Load (0.2ms)[0m  [1m[34mSELECT "ar_internal_metadata".* FROM "ar_internal_metadata" WHERE "ar_internal_metadata"."key" = ? LIMIT ?[0m  [["key", "environment"], ["LIMIT", 1]]
  [1m[35m (0.0ms)[0m  [1m[34mSELECT sqlite_version(*)[0m
  [1m[35m (0.1ms)[0m  [1m[34mSELECT "schema_migrations"."version" FROM "schema_migrations" ORDER BY "schema_migrations"."version" ASC[0m
  [1m[35m (6.9ms)[0m  [1m[34mSELECT sqlite_version(*)[0m
  [1m[35m (0.1ms)[0m  [1m[36mbegin transaction[0m
  [1m[36mBook Create (4.9ms)[0m  [1m[32mINSERT INTO "books" ("title", "author", "genre", "description", "created_at", "updated_at", "likes") VALUES (?, ?, ?, ?, ?, ?, ?)[0m  [["title", "Shadow of the Wind"], ["author", "Carlos Ruiz Zafon"], ["genre", "Mystery"], ["description", "A mystery involving the Cemetery of Forgotten Books."], ["created_at", "2020-07-16 02:08:26.256957"], ["updated_at", "2020-07-16 02:08:26.256957"], ["likes", 0]]
  [1m[35m (1.9ms)[0m  [1m[36mcommit transaction[0m
  [1m[35m (0.1ms)[0m  [1m[36mbegin transaction[0m
  [1m[36mBook Create (1.4ms)[0m  [1m[32mINSERT INTO "books" ("title", "author", "genre", "description", "created_at", "updated_at", "likes") VALUES (?, ?, ?, ?, ?, ?, ?)[0m  [["title", "Harry Potter and the Sorcerer's Stone"], ["author", "J.K. Rowling"], ["genre", "Fantasy"], ["description", "An orphaned boy finds out he's a wizard."], ["created_at", "2020-07-16 02:09:34.141765"], ["updated_at", "2020-07-16 02:09:34.141765"], ["likes", 0]]
  [1m[35m (1.1ms)[0m  [1m[36mcommit transaction[0m
  [1m[36mBook Load (0.6ms)[0m  [1m[34mSELECT "books".* FROM "books" LIMIT ?[0m  [["LIMIT", 11]]
Started GET "/books" for ::1 at 2020-07-15 22:10:00 -0400
  [1m[35m (6.5ms)[0m  [1m[34mSELECT sqlite_version(*)[0m
  [1m[35m (0.4ms)[0m  [1m[34mSELECT "schema_migrations"."version" FROM "schema_migrations" ORDER BY "schema_migrations"."version" ASC[0m
Processing by BooksController#index as HTML
  [1m[36mBook Load (0.3ms)[0m  [1m[34mSELECT "books".* FROM "books"[0m
  ↳ app/controllers/books_controller.rb:5:in `index'
Completed 200 OK in 21ms (Views: 0.2ms | ActiveRecord: 1.1ms | Allocations: 7312)


Started GET "/books" for ::1 at 2020-07-15 22:12:13 -0400
  [1m[35m (0.1ms)[0m  [1m[34mSELECT sqlite_version(*)[0m
Processing by BooksController#index as HTML
  [1m[36mBook Load (0.2ms)[0m  [1m[34mSELECT "books".* FROM "books"[0m
  ↳ app/controllers/books_controller.rb:5:in `index'
Completed 200 OK in 14ms (Views: 0.1ms | ActiveRecord: 0.8ms | Allocations: 6799)


  [1m[35m (6.5ms)[0m  [1m[34mSELECT sqlite_version(*)[0m
  [1m[35m (0.2ms)[0m  [1m[34mSELECT "schema_migrations"."version" FROM "schema_migrations" ORDER BY "schema_migrations"."version" ASC[0m
Migrating to CreateReviews (20200716021551)
  [1m[35m (0.1ms)[0m  [1m[36mbegin transaction[0m
  [1m[35m (0.6ms)[0m  [1m[35mCREATE TABLE "reviews" ("id" integer PRIMARY KEY AUTOINCREMENT NOT NULL, "review" varchar, "upvotes" integer, "downvotes" integer, "created_at" datetime(6) NOT NULL, "updated_at" datetime(6) NOT NULL)[0m
  [1m[36mprimary::SchemaMigration Create (0.1ms)[0m  [1m[32mINSERT INTO "schema_migrations" ("version") VALUES (?)[0m  [["version", "20200716021551"]]
  [1m[35m (1.2ms)[0m  [1m[36mcommit transaction[0m
  [1m[36mActiveRecord::InternalMetadata Load (1.3ms)[0m  [1m[34mSELECT "ar_internal_metadata".* FROM "ar_internal_metadata" WHERE "ar_internal_metadata"."key" = ? LIMIT ?[0m  [["key", "environment"], ["LIMIT", 1]]
  [1m[35m (0.0ms)[0m  [1m[34mSELECT sqlite_version(*)[0m
  [1m[35m (0.5ms)[0m  [1m[34mSELECT "schema_migrations"."version" FROM "schema_migrations" ORDER BY "schema_migrations"."version" ASC[0m
  [1m[35m (0.6ms)[0m  [1m[34mSELECT sqlite_version(*)[0m
  [1m[36mBook Load (0.2ms)[0m  [1m[34mSELECT "books".* FROM "books" ORDER BY "books"."id" ASC LIMIT ?[0m  [["LIMIT", 1]]
  [1m[35m (0.6ms)[0m  [1m[34mSELECT sqlite_version(*)[0m
  [1m[36mReview Load (0.1ms)[0m  [1m[34mSELECT "reviews".* FROM "reviews" ORDER BY "reviews"."id" ASC LIMIT ?[0m  [["LIMIT", 1]]
  [1m[36mBook Load (0.1ms)[0m  [1m[34mSELECT "books".* FROM "books" ORDER BY "books"."id" ASC LIMIT ?[0m  [["LIMIT", 1]]
  [1m[36mReview Load (0.3ms)[0m  [1m[34mSELECT "reviews".* FROM "reviews" LIMIT ?[0m  [["LIMIT", 11]]
  [1m[36mReview Load (0.1ms)[0m  [1m[34mSELECT "reviews".* FROM "reviews" LIMIT ?[0m  [["LIMIT", 11]]
  [1m[35m (0.4ms)[0m  [1m[34mSELECT sqlite_version(*)[0m
  [1m[35m (0.1ms)[0m  [1m[34mSELECT "schema_migrations"."version" FROM "schema_migrations" ORDER BY "schema_migrations"."version" ASC[0m
Migrating to AddBookIdToReviews (20200716022724)
  [1m[35m (0.1ms)[0m  [1m[36mbegin transaction[0m
  [1m[35m (0.6ms)[0m  [1m[35mALTER TABLE "reviews" ADD "book_id" integer[0m
  [1m[36mprimary::SchemaMigration Create (0.2ms)[0m  [1m[32mINSERT INTO "schema_migrations" ("version") VALUES (?)[0m  [["version", "20200716022724"]]
  [1m[35m (1.2ms)[0m  [1m[36mcommit transaction[0m
  [1m[36mActiveRecord::InternalMetadata Load (1.2ms)[0m  [1m[34mSELECT "ar_internal_metadata".* FROM "ar_internal_metadata" WHERE "ar_internal_metadata"."key" = ? LIMIT ?[0m  [["key", "environment"], ["LIMIT", 1]]
  [1m[35m (0.1ms)[0m  [1m[34mSELECT sqlite_version(*)[0m
  [1m[35m (0.1ms)[0m  [1m[34mSELECT "schema_migrations"."version" FROM "schema_migrations" ORDER BY "schema_migrations"."version" ASC[0m
  [1m[35m (0.6ms)[0m  [1m[34mSELECT sqlite_version(*)[0m
  [1m[35m (0.1ms)[0m  [1m[36mbegin transaction[0m
  [1m[36mBook Load (0.1ms)[0m  [1m[34mSELECT "books".* FROM "books" WHERE "books"."id" = ? LIMIT ?[0m  [["id", 1], ["LIMIT", 1]]
  [1m[36mReview Create (0.6ms)[0m  [1m[32mINSERT INTO "reviews" ("review", "upvotes", "downvotes", "created_at", "updated_at", "book_id") VALUES (?, ?, ?, ?, ?, ?)[0m  [["review", "This book was incredible. The gothic romance and the mystery were a perfect blend."], ["upvotes", 0], ["downvotes", 0], ["created_at", "2020-07-16 02:28:30.841205"], ["updated_at", "2020-07-16 02:28:30.841205"], ["book_id", 1]]
  [1m[35m (0.9ms)[0m  [1m[36mcommit transaction[0m
  [1m[36mReview Load (0.3ms)[0m  [1m[34mSELECT "reviews".* FROM "reviews" LIMIT ?[0m  [["LIMIT", 11]]
  [1m[36mBook Load (0.2ms)[0m  [1m[34mSELECT "books".* FROM "books" LIMIT ?[0m  [["LIMIT", 11]]
  [1m[35m (0.1ms)[0m  [1m[36mbegin transaction[0m
  [1m[36mBook Load (0.3ms)[0m  [1m[34mSELECT "books".* FROM "books" WHERE "books"."id" = ? LIMIT ?[0m  [["id", 2], ["LIMIT", 1]]
  [1m[36mReview Create (0.5ms)[0m  [1m[32mINSERT INTO "reviews" ("review", "upvotes", "downvotes", "created_at", "updated_at", "book_id") VALUES (?, ?, ?, ?, ?, ?)[0m  [["review", "It was such a fun adventure. I loved the magic mixed with the adventure."], ["upvotes", 0], ["downvotes", 0], ["created_at", "2020-07-16 02:29:28.145894"], ["updated_at", "2020-07-16 02:29:28.145894"], ["book_id", 2]]
  [1m[35m (2.0ms)[0m  [1m[36mcommit transaction[0m
  [1m[36mReview Load (14.8ms)[0m  [1m[34mSELECT "reviews".* FROM "reviews" LIMIT ?[0m  [["LIMIT", 11]]
  [1m[36mBook Load (0.7ms)[0m  [1m[34mSELECT "books".* FROM "books" ORDER BY "books"."id" ASC LIMIT ?[0m  [["LIMIT", 1]]
  [1m[36mReview Load (0.4ms)[0m  [1m[34mSELECT "reviews".* FROM "reviews" WHERE "reviews"."book_id" = ? LIMIT ?[0m  [["book_id", 1], ["LIMIT", 11]]
  [1m[35m (0.1ms)[0m  [1m[36mbegin transaction[0m
  [1m[36mBook Load (0.2ms)[0m  [1m[34mSELECT "books".* FROM "books" WHERE "books"."id" = ? LIMIT ?[0m  [["id", 1], ["LIMIT", 1]]
  [1m[36mReview Create (0.5ms)[0m  [1m[32mINSERT INTO "reviews" ("review", "upvotes", "downvotes", "created_at", "updated_at", "book_id") VALUES (?, ?, ?, ?, ?, ?)[0m  [["review", "I liked how it focused on Daniel and Fermin. Their story was great."], ["upvotes", 0], ["downvotes", 0], ["created_at", "2020-07-16 02:30:16.631243"], ["updated_at", "2020-07-16 02:30:16.631243"], ["book_id", 1]]
  [1m[35m (1.2ms)[0m  [1m[36mcommit transaction[0m
  [1m[36mReview Load (0.3ms)[0m  [1m[34mSELECT "reviews".* FROM "reviews" LIMIT ?[0m  [["LIMIT", 11]]
Started GET "/books" for ::1 at 2020-07-15 22:58:35 -0400
  [1m[35m (0.9ms)[0m  [1m[34mSELECT sqlite_version(*)[0m
  [1m[35m (0.2ms)[0m  [1m[34mSELECT "schema_migrations"."version" FROM "schema_migrations" ORDER BY "schema_migrations"."version" ASC[0m
Processing by BooksController#index as HTML
  [1m[36mBook Load (0.3ms)[0m  [1m[34mSELECT "books".* FROM "books"[0m
  ↳ app/controllers/books_controller.rb:5:in `index'
Completed 200 OK in 32ms (Views: 0.3ms | ActiveRecord: 1.0ms | Allocations: 8112)


Started GET "/books" for ::1 at 2020-07-15 22:59:26 -0400
Processing by BooksController#index as HTML
  [1m[36mBook Load (0.3ms)[0m  [1m[34mSELECT "books".* FROM "books"[0m
  ↳ app/controllers/books_controller.rb:5:in `index'
Completed 200 OK in 3ms (Views: 0.1ms | ActiveRecord: 0.3ms | Allocations: 1069)


Started GET "/books" for ::1 at 2020-07-15 23:00:14 -0400
Processing by BooksController#index as */*
  [1m[36mBook Load (0.2ms)[0m  [1m[34mSELECT "books".* FROM "books"[0m
  ↳ app/controllers/books_controller.rb:5:in `index'
Completed 200 OK in 4ms (Views: 0.2ms | ActiveRecord: 0.2ms | Allocations: 1072)


Started GET "/books" for ::1 at 2020-07-15 23:00:23 -0400
Processing by BooksController#index as HTML
  [1m[36mBook Load (0.2ms)[0m  [1m[34mSELECT "books".* FROM "books"[0m
  ↳ app/controllers/books_controller.rb:5:in `index'
Completed 200 OK in 3ms (Views: 0.2ms | ActiveRecord: 0.2ms | Allocations: 1069)


Started GET "/books" for ::1 at 2020-07-15 23:00:55 -0400
Processing by BooksController#index as */*
  [1m[36mBook Load (0.1ms)[0m  [1m[34mSELECT "books".* FROM "books"[0m
  ↳ app/controllers/books_controller.rb:5:in `index'
Completed 200 OK in 3ms (Views: 0.2ms | ActiveRecord: 0.1ms | Allocations: 1056)


Started GET "/books" for ::1 at 2020-07-15 23:03:31 -0400
Processing by BooksController#index as */*
  [1m[36mBook Load (0.3ms)[0m  [1m[34mSELECT "books".* FROM "books"[0m
  ↳ app/controllers/books_controller.rb:5:in `index'
Completed 200 OK in 4ms (Views: 0.2ms | ActiveRecord: 0.3ms | Allocations: 1056)


Started GET "/books" for ::1 at 2020-07-15 23:04:41 -0400
Processing by BooksController#index as */*
  [1m[36mBook Load (0.2ms)[0m  [1m[34mSELECT "books".* FROM "books"[0m
  ↳ app/controllers/books_controller.rb:5:in `index'
Completed 200 OK in 3ms (Views: 0.2ms | ActiveRecord: 0.2ms | Allocations: 1071)


Started GET "/books" for ::1 at 2020-07-15 23:06:51 -0400
Processing by BooksController#index as */*
  [1m[36mBook Load (0.3ms)[0m  [1m[34mSELECT "books".* FROM "books"[0m
  ↳ app/controllers/books_controller.rb:5:in `index'
Completed 200 OK in 3ms (Views: 0.2ms | ActiveRecord: 0.3ms | Allocations: 1056)


Started GET "/books" for ::1 at 2020-07-15 23:07:22 -0400
Processing by BooksController#index as */*
  [1m[36mBook Load (0.2ms)[0m  [1m[34mSELECT "books".* FROM "books"[0m
  ↳ app/controllers/books_controller.rb:5:in `index'
Completed 200 OK in 6ms (Views: 0.1ms | ActiveRecord: 0.2ms | Allocations: 1056)


Started GET "/books" for ::1 at 2020-07-15 23:08:05 -0400
Processing by BooksController#index as HTML
  [1m[36mBook Load (0.2ms)[0m  [1m[34mSELECT "books".* FROM "books"[0m
  ↳ app/controllers/books_controller.rb:5:in `index'
Completed 200 OK in 3ms (Views: 0.2ms | ActiveRecord: 0.2ms | Allocations: 1054)


Started GET "/books" for ::1 at 2020-07-15 23:08:34 -0400
Processing by BooksController#index as HTML
  [1m[36mBook Load (0.2ms)[0m  [1m[34mSELECT "books".* FROM "books"[0m
  ↳ app/controllers/books_controller.rb:5:in `index'
Completed 200 OK in 5ms (Views: 0.2ms | ActiveRecord: 0.2ms | Allocations: 1054)


Started GET "/books" for ::1 at 2020-07-15 23:08:36 -0400
Processing by BooksController#index as */*
  [1m[36mBook Load (0.2ms)[0m  [1m[34mSELECT "books".* FROM "books"[0m
  ↳ app/controllers/books_controller.rb:5:in `index'
Completed 200 OK in 3ms (Views: 0.1ms | ActiveRecord: 0.2ms | Allocations: 1056)


Started GET "/books" for ::1 at 2020-07-15 23:08:58 -0400
Processing by BooksController#index as HTML
  [1m[36mBook Load (0.2ms)[0m  [1m[34mSELECT "books".* FROM "books"[0m
  ↳ app/controllers/books_controller.rb:5:in `index'
Completed 200 OK in 2ms (Views: 0.1ms | ActiveRecord: 0.2ms | Allocations: 1054)


Started GET "/books" for ::1 at 2020-07-15 23:10:40 -0400
Processing by BooksController#index as */*
  [1m[36mBook Load (0.2ms)[0m  [1m[34mSELECT "books".* FROM "books"[0m
  ↳ app/controllers/books_controller.rb:5:in `index'
Completed 200 OK in 4ms (Views: 0.1ms | ActiveRecord: 0.2ms | Allocations: 1056)


Started GET "/books" for ::1 at 2020-07-15 23:10:58 -0400
Processing by BooksController#index as */*
  [1m[36mBook Load (0.2ms)[0m  [1m[34mSELECT "books".* FROM "books"[0m
  ↳ app/controllers/books_controller.rb:5:in `index'
Completed 200 OK in 4ms (Views: 0.2ms | ActiveRecord: 0.2ms | Allocations: 1056)


Started GET "/books" for ::1 at 2020-07-15 23:13:58 -0400
Processing by BooksController#index as */*
  [1m[36mBook Load (0.1ms)[0m  [1m[34mSELECT "books".* FROM "books"[0m
  ↳ app/controllers/books_controller.rb:5:in `index'
Completed 200 OK in 1ms (Views: 0.1ms | ActiveRecord: 0.1ms | Allocations: 1056)


Started GET "/books" for ::1 at 2020-07-15 23:15:31 -0400
Processing by BooksController#index as HTML
  [1m[36mBook Load (0.3ms)[0m  [1m[34mSELECT "books".* FROM "books"[0m
  ↳ app/controllers/books_controller.rb:5:in `index'
Completed 200 OK in 4ms (Views: 0.2ms | ActiveRecord: 0.3ms | Allocations: 1054)


Started GET "/books" for ::1 at 2020-07-15 23:15:43 -0400
Processing by BooksController#index as */*
  [1m[36mBook Load (0.1ms)[0m  [1m[34mSELECT "books".* FROM "books"[0m
  ↳ app/controllers/books_controller.rb:5:in `index'
Completed 200 OK in 2ms (Views: 0.1ms | ActiveRecord: 0.1ms | Allocations: 1059)


Started GET "/books" for ::1 at 2020-07-15 23:20:06 -0400
  [1m[35m (6.8ms)[0m  [1m[34mSELECT sqlite_version(*)[0m
  [1m[35m (0.4ms)[0m  [1m[34mSELECT "schema_migrations"."version" FROM "schema_migrations" ORDER BY "schema_migrations"."version" ASC[0m
Processing by BooksController#index as */*
  [1m[36mBook Load (0.5ms)[0m  [1m[34mSELECT "books".* FROM "books"[0m
  ↳ app/controllers/books_controller.rb:5:in `index'
Completed 200 OK in 22ms (Views: 0.1ms | ActiveRecord: 1.0ms | Allocations: 8028)


